{"type":"server-started","port":60491,"host":"127.0.0.1","url_host":"localhost","url":"http://localhost:60491","screen_dir":"/Users/tanishkchaturvedi/Desktop/Tanishk Chaturvedi/WORK/PERSONAL/AGS_WEBSITE/CoWebsite/.superpowers/brainstorm/79081-1776264034/content","state_dir":"/Users/tanishkchaturvedi/Desktop/Tanishk Chaturvedi/WORK/PERSONAL/AGS_WEBSITE/CoWebsite/.superpowers/brainstorm/79081-1776264034/state"}
{"type":"screen-added","file":"/Users/tanishkchaturvedi/Desktop/Tanishk Chaturvedi/WORK/PERSONAL/AGS_WEBSITE/CoWebsite/.superpowers/brainstorm/79081-1776264034/content/logo-styles.html"}
{"type":"screen-updated","file":"/Users/tanishkchaturvedi/Desktop/Tanishk Chaturvedi/WORK/PERSONAL/AGS_WEBSITE/CoWebsite/.superpowers/brainstorm/79081-1776264034/content/logo-styles.html"}
{"type":"screen-updated","file":"/Users/tanishkchaturvedi/Desktop/Tanishk Chaturvedi/WORK/PERSONAL/AGS_WEBSITE/CoWebsite/.superpowers/brainstorm/79081-1776264034/content/logo-styles.html"}
{"type":"screen-updated","file":"/Users/tanishkchaturvedi/Desktop/Tanishk Chaturvedi/WORK/PERSONAL/AGS_WEBSITE/CoWebsite/.superpowers/brainstorm/79081-1776264034/content/logo-styles.html"}
{"source":"user-event","type":"click","text":"Aureus\n    \n    \n      Home\n      About\n      Services\n      Contact","choice":"e","id":null,"timestamp":1776264096646}
{"source":"user-event","type":"click","text":"Aureus\n    \n    \n      Home\n      About\n      Services\n      Contact","choice":"e","id":null,"timestamp":1776264129828}
{"type":"screen-added","file":"/Users/tanishkchaturvedi/Desktop/Tanishk Chaturvedi/WORK/PERSONAL/AGS_WEBSITE/CoWebsite/.superpowers/brainstorm/79081-1776264034/content/logo-animation-preview.html"}
{"type":"screen-updated","file":"/Users/tanishkchaturvedi/Desktop/Tanishk Chaturvedi/WORK/PERSONAL/AGS_WEBSITE/CoWebsite/.superpowers/brainstorm/79081-1776264034/content/logo-animation-preview.html"}
{"type":"screen-updated","file":"/Users/tanishkchaturvedi/Desktop/Tanishk Chaturvedi/WORK/PERSONAL/AGS_WEBSITE/CoWebsite/.superpowers/brainstorm/79081-1776264034/content/logo-animation-preview.html"}
{"type":"screen-updated","file":"/Users/tanishkchaturvedi/Desktop/Tanishk Chaturvedi/WORK/PERSONAL/AGS_WEBSITE/CoWebsite/.superpowers/brainstorm/79081-1776264034/content/logo-animation-preview.html"}
{"type":"screen-added","file":"/Users/tanishkchaturvedi/Desktop/Tanishk Chaturvedi/WORK/PERSONAL/AGS_WEBSITE/CoWebsite/.superpowers/brainstorm/79081-1776264034/content/logo-animation-v2.html"}
{"type":"screen-updated","file":"/Users/tanishkchaturvedi/Desktop/Tanishk Chaturvedi/WORK/PERSONAL/AGS_WEBSITE/CoWebsite/.superpowers/brainstorm/79081-1776264034/content/logo-animation-v2.html"}
{"type":"screen-updated","file":"/Users/tanishkchaturvedi/Desktop/Tanishk Chaturvedi/WORK/PERSONAL/AGS_WEBSITE/CoWebsite/.superpowers/brainstorm/79081-1776264034/content/logo-animation-v2.html"}
{"type":"screen-added","file":"/Users/tanishkchaturvedi/Desktop/Tanishk Chaturvedi/WORK/PERSONAL/AGS_WEBSITE/CoWebsite/.superpowers/brainstorm/79081-1776264034/content/logo-animation-v3.html"}
{"type":"screen-updated","file":"/Users/tanishkchaturvedi/Desktop/Tanishk Chaturvedi/WORK/PERSONAL/AGS_WEBSITE/CoWebsite/.superpowers/brainstorm/79081-1776264034/content/logo-animation-v3.html"}
{"type":"screen-updated","file":"/Users/tanishkchaturvedi/Desktop/Tanishk Chaturvedi/WORK/PERSONAL/AGS_WEBSITE/CoWebsite/.superpowers/brainstorm/79081-1776264034/content/logo-animation-v3.html"}
{"type":"screen-updated","file":"/Users/tanishkchaturvedi/Desktop/Tanishk Chaturvedi/WORK/PERSONAL/AGS_WEBSITE/CoWebsite/.superpowers/brainstorm/79081-1776264034/content/logo-animation-v3.html"}
{"type":"screen-added","file":"/Users/tanishkchaturvedi/Desktop/Tanishk Chaturvedi/WORK/PERSONAL/AGS_WEBSITE/CoWebsite/.superpowers/brainstorm/79081-1776264034/content/signature-preview.html"}
{"type":"screen-updated","file":"/Users/tanishkchaturvedi/Desktop/Tanishk Chaturvedi/WORK/PERSONAL/AGS_WEBSITE/CoWebsite/.superpowers/brainstorm/79081-1776264034/content/signature-preview.html"}
{"type":"screen-updated","file":"/Users/tanishkchaturvedi/Desktop/Tanishk Chaturvedi/WORK/PERSONAL/AGS_WEBSITE/CoWebsite/.superpowers/brainstorm/79081-1776264034/content/signature-preview.html"}
{"type":"screen-updated","file":"/Users/tanishkchaturvedi/Desktop/Tanishk Chaturvedi/WORK/PERSONAL/AGS_WEBSITE/CoWebsite/.superpowers/brainstorm/79081-1776264034/content/signature-preview.html"}
{"type":"server-stopped","reason":"idle timeout"}
